<?xml version="1.0" encoding="UTF-8"?>
<!-- Generated by org.testng.reporters.JUnitReportReporter -->
<testsuite hostname="DESKTOP-VLHIS80" failures="0" tests="2" name="Practice" time="1.024" errors="0" timestamp="2025-04-19T10:54:52 GMT+03:00" skipped="1">
  <testcase classname="Practice" name="FillingtheInputFields" time="1.024"/>
  <system-out/>
  <testcase classname="Practice" name="ScrollTest">
    <skipped/>
  </testcase> <!-- ScrollTest -->
  <system-out/>
</testsuite> <!-- Practice -->
